{"contracts\\Litige.sol":{"l":{"33":0,"34":0,"42":0,"43":0,"44":0,"45":0,"46":0,"47":0,"48":0,"49":0,"58":0,"59":0,"60":0,"61":0,"62":0,"63":0,"65":0,"67":0,"75":0,"76":0,"77":0,"78":0,"79":0,"87":0},"path":"C:\\Users\\Amine\\Supplier-Selection\\backend\\contracts\\Litige.sol","s":{"1":0,"2":0,"3":0,"4":0,"5":0,"6":0,"7":0,"8":0,"9":0,"10":0,"11":0,"12":0,"13":0,"14":0,"15":0},"b":{"1":[0,0],"2":[0,0],"3":[0,0],"4":[0,0],"5":[0,0],"6":[0,0],"7":[0,0],"8":[0,0]},"f":{"1":0,"2":0,"3":0,"4":0,"5":0},"fnMap":{"1":{"name":"constructor","line":32,"loc":{"start":{"line":32,"column":4},"end":{"line":35,"column":4}}},"2":{"name":"initiateDispute","line":41,"loc":{"start":{"line":41,"column":4},"end":{"line":50,"column":4}}},"3":{"name":"voteOnDispute","line":57,"loc":{"start":{"line":57,"column":4},"end":{"line":68,"column":4}}},"4":{"name":"finalizeDispute","line":74,"loc":{"start":{"line":74,"column":4},"end":{"line":80,"column":4}}},"5":{"name":"getDisputeOutcome","line":86,"loc":{"start":{"line":86,"column":4},"end":{"line":88,"column":4}}}},"statementMap":{"1":{"start":{"line":33,"column":8},"end":{"line":33,"column":49}},"2":{"start":{"line":34,"column":8},"end":{"line":34,"column":43}},"3":{"start":{"line":43,"column":8},"end":{"line":43,"column":50}},"4":{"start":{"line":48,"column":8},"end":{"line":48,"column":68}},"5":{"start":{"line":49,"column":8},"end":{"line":49,"column":27}},"6":{"start":{"line":58,"column":8},"end":{"line":58,"column":47}},"7":{"start":{"line":59,"column":8},"end":{"line":59,"column":55}},"8":{"start":{"line":60,"column":8},"end":{"line":60,"column":56}},"9":{"start":{"line":62,"column":8},"end":{"line":62,"column":2214}},"10":{"start":{"line":64,"column":15},"end":{"line":64,"column":2309}},"11":{"start":{"line":67,"column":8},"end":{"line":67,"column":57}},"12":{"start":{"line":75,"column":8},"end":{"line":75,"column":47}},"13":{"start":{"line":76,"column":8},"end":{"line":76,"column":47}},"14":{"start":{"line":79,"column":8},"end":{"line":79,"column":50}},"15":{"start":{"line":87,"column":8},"end":{"line":87,"column":42}}},"branchMap":{"1":{"line":57,"type":"if","locations":[{"start":{"line":57,"column":83},"end":{"line":57,"column":83}},{"start":{"line":57,"column":83},"end":{"line":57,"column":83}}]},"2":{"line":59,"type":"if","locations":[{"start":{"line":59,"column":8},"end":{"line":59,"column":8}},{"start":{"line":59,"column":8},"end":{"line":59,"column":8}}]},"3":{"line":60,"type":"if","locations":[{"start":{"line":60,"column":8},"end":{"line":60,"column":8}},{"start":{"line":60,"column":8},"end":{"line":60,"column":8}}]},"4":{"line":62,"type":"if","locations":[{"start":{"line":62,"column":8},"end":{"line":62,"column":8}},{"start":{"line":62,"column":8},"end":{"line":62,"column":8}}]},"5":{"line":64,"type":"if","locations":[{"start":{"line":64,"column":15},"end":{"line":64,"column":15}},{"start":{"line":64,"column":15},"end":{"line":64,"column":15}}]},"6":{"line":74,"type":"if","locations":[{"start":{"line":74,"column":57},"end":{"line":74,"column":57}},{"start":{"line":74,"column":57},"end":{"line":74,"column":57}}]},"7":{"line":76,"type":"if","locations":[{"start":{"line":76,"column":8},"end":{"line":76,"column":8}},{"start":{"line":76,"column":8},"end":{"line":76,"column":8}}]},"8":{"line":77,"type":"if","locations":[{"start":{"line":77,"column":56},"end":{"line":77,"column":81}},{"start":{"line":77,"column":85},"end":{"line":77,"column":111}}]}}},"contracts\\OracleMock.sol":{"l":{"18":1,"19":1,"37":1},"path":"C:\\Users\\Amine\\Supplier-Selection\\backend\\contracts\\OracleMock.sol","s":{"1":1,"2":1},"b":{},"f":{"1":1,"2":1},"fnMap":{"1":{"name":"setLatestAnswer","line":17,"loc":{"start":{"line":17,"column":4},"end":{"line":20,"column":4}}},"2":{"name":"latestRoundData","line":30,"loc":{"start":{"line":30,"column":4},"end":{"line":38,"column":4}}}},"statementMap":{"1":{"start":{"line":19,"column":8},"end":{"line":19,"column":41}},"2":{"start":{"line":37,"column":8},"end":{"line":37,"column":69}}},"branchMap":{}},"contracts\\PaymentEscrow.sol":{"l":{"26":0,"27":0,"36":0,"37":0,"47":0,"48":0,"49":0},"path":"C:\\Users\\Amine\\Supplier-Selection\\backend\\contracts\\PaymentEscrow.sol","s":{"1":0,"2":0,"3":0,"4":0,"5":0},"b":{"1":[0,0],"2":[0,0],"3":[0,0]},"f":{"1":0,"2":0,"3":0},"fnMap":{"1":{"name":"constructor","line":25,"loc":{"start":{"line":25,"column":4},"end":{"line":28,"column":4}}},"2":{"name":"deposit","line":35,"loc":{"start":{"line":35,"column":4},"end":{"line":38,"column":4}}},"3":{"name":"releasePayment","line":46,"loc":{"start":{"line":46,"column":4},"end":{"line":50,"column":4}}}},"statementMap":{"1":{"start":{"line":36,"column":8},"end":{"line":36,"column":69}},"2":{"start":{"line":37,"column":8},"end":{"line":37,"column":48}},"3":{"start":{"line":47,"column":8},"end":{"line":47,"column":69}},"4":{"start":{"line":48,"column":8},"end":{"line":48,"column":49}},"5":{"start":{"line":49,"column":8},"end":{"line":49,"column":47}}},"branchMap":{"1":{"line":35,"type":"if","locations":[{"start":{"line":35,"column":46},"end":{"line":35,"column":46}},{"start":{"line":35,"column":46},"end":{"line":35,"column":46}}]},"2":{"line":46,"type":"if","locations":[{"start":{"line":46,"column":72},"end":{"line":46,"column":72}},{"start":{"line":46,"column":72},"end":{"line":46,"column":72}}]},"3":{"line":47,"type":"if","locations":[{"start":{"line":47,"column":8},"end":{"line":47,"column":8}},{"start":{"line":47,"column":8},"end":{"line":47,"column":8}}]}}},"contracts\\SupplierAgreement.sol":{"l":{"96":21,"97":21,"98":21,"99":21,"100":21,"101":21,"108":20,"109":19,"113":19,"115":19,"122":19,"123":19,"124":19,"131":16,"132":16,"133":16,"134":16,"142":10,"143":10,"145":10,"146":10,"148":9,"149":7,"150":7,"152":7,"153":7,"154":7,"162":8,"163":7,"164":7,"165":7,"172":6,"173":5,"174":5,"175":5,"176":5,"177":5,"184":4,"185":4,"186":4,"187":1,"188":1,"189":1,"191":1,"192":1,"193":1,"195":3,"196":3,"197":3,"205":2,"206":2,"207":1,"208":1,"209":1,"211":1,"212":1,"213":1,"215":1,"217":2,"218":2,"219":2,"226":4,"227":3,"228":1,"229":1,"230":1,"231":1,"238":1,"239":1,"246":2,"247":1,"248":1,"255":8,"256":0,"258":8,"259":8,"260":8,"261":148,"262":148,"264":8,"265":8,"266":8,"267":148,"268":148,"269":148,"270":148,"272":8},"path":"C:\\Users\\Amine\\Supplier-Selection\\backend\\contracts\\SupplierAgreement.sol","s":{"1":21,"2":21,"3":21,"4":20,"5":19,"6":19,"7":19,"8":19,"9":19,"10":16,"11":16,"12":16,"13":10,"14":10,"15":10,"16":10,"17":9,"18":7,"19":7,"20":7,"21":8,"22":7,"23":7,"24":6,"25":5,"26":5,"27":5,"28":5,"29":4,"30":4,"31":4,"32":1,"33":1,"34":1,"35":1,"36":3,"37":3,"38":2,"39":2,"40":1,"41":1,"42":1,"43":1,"44":2,"45":2,"46":2,"47":4,"48":3,"49":1,"50":1,"51":1,"52":1,"53":1,"54":2,"55":1,"56":1,"57":8,"58":0,"59":8,"60":8,"61":8,"62":8,"63":8,"64":8,"65":148,"66":8},"b":{"1":[19,1],"2":[19,0],"3":[19,0],"4":[19,0],"5":[16,0],"6":[16,0],"7":[10,0],"8":[10,0],"9":[10,0],"10":[9,1],"11":[7,1],"12":[5,1],"13":[5,0],"14":[4,0],"15":[4,0],"16":[4,0],"17":[1,3],"18":[1,0],"19":[2,0],"20":[2,0],"21":[2,0],"22":[1,1],"23":[1,0],"24":[1,0],"25":[3,1],"26":[1,2],"27":[1,0],"28":[1,1],"29":[0,8]},"f":{"1":21,"2":20,"3":16,"4":10,"5":8,"6":6,"7":4,"8":2,"9":4,"10":1,"11":2,"12":8},"fnMap":{"1":{"name":"constructor","line":95,"loc":{"start":{"line":95,"column":4},"end":{"line":102,"column":4}}},"2":{"name":"createAgreement","line":107,"loc":{"start":{"line":107,"column":4},"end":{"line":125,"column":4}}},"3":{"name":"acceptAgreement","line":130,"loc":{"start":{"line":130,"column":4},"end":{"line":136,"column":4}}},"4":{"name":"confirmPayment","line":141,"loc":{"start":{"line":141,"column":3},"end":{"line":155,"column":0}}},"5":{"name":"startAgreement","line":161,"loc":{"start":{"line":161,"column":4},"end":{"line":166,"column":4}}},"6":{"name":"dispatchOrder","line":171,"loc":{"start":{"line":171,"column":4},"end":{"line":178,"column":4}}},"7":{"name":"updateDeliveryStatus","line":183,"loc":{"start":{"line":183,"column":4},"end":{"line":199,"column":4}}},"8":{"name":"resolveDispute","line":204,"loc":{"start":{"line":204,"column":4},"end":{"line":220,"column":4}}},"9":{"name":"rateSupplier","line":225,"loc":{"start":{"line":225,"column":4},"end":{"line":232,"column":4}}},"10":{"name":"getOracleData","line":237,"loc":{"start":{"line":237,"column":4},"end":{"line":240,"column":4}}},"11":{"name":"submitZKProof","line":245,"loc":{"start":{"line":245,"column":4},"end":{"line":249,"column":4}}},"12":{"name":"uint2str","line":254,"loc":{"start":{"line":254,"column":4},"end":{"line":273,"column":4}}}},"statementMap":{"1":{"start":{"line":96,"column":8},"end":{"line":96,"column":49}},"2":{"start":{"line":97,"column":8},"end":{"line":97,"column":39}},"3":{"start":{"line":98,"column":8},"end":{"line":98,"column":47}},"4":{"start":{"line":108,"column":8},"end":{"line":108,"column":80}},"5":{"start":{"line":109,"column":8},"end":{"line":109,"column":4147}},"6":{"start":{"line":113,"column":8},"end":{"line":113,"column":89}},"7":{"start":{"line":122,"column":8},"end":{"line":122,"column":70}},"8":{"start":{"line":123,"column":8},"end":{"line":123,"column":63}},"9":{"start":{"line":124,"column":8},"end":{"line":124,"column":57}},"10":{"start":{"line":131,"column":8},"end":{"line":131,"column":105}},"11":{"start":{"line":132,"column":8},"end":{"line":132,"column":5110}},"12":{"start":{"line":134,"column":12},"end":{"line":134,"column":40}},"13":{"start":{"line":142,"column":4},"end":{"line":142,"column":82}},"14":{"start":{"line":143,"column":4},"end":{"line":143,"column":109}},"15":{"start":{"line":145,"column":4},"end":{"line":145,"column":65}},"16":{"start":{"line":146,"column":4},"end":{"line":146,"column":88}},"17":{"start":{"line":148,"column":4},"end":{"line":148,"column":75}},"18":{"start":{"line":152,"column":4},"end":{"line":152,"column":53}},"19":{"start":{"line":153,"column":4},"end":{"line":153,"column":62}},"20":{"start":{"line":154,"column":4},"end":{"line":154,"column":68}},"21":{"start":{"line":162,"column":8},"end":{"line":162,"column":88}},"22":{"start":{"line":164,"column":8},"end":{"line":164,"column":59}},"23":{"start":{"line":165,"column":8},"end":{"line":165,"column":61}},"24":{"start":{"line":172,"column":8},"end":{"line":172,"column":79}},"25":{"start":{"line":173,"column":8},"end":{"line":173,"column":94}},"26":{"start":{"line":175,"column":8},"end":{"line":175,"column":40}},"27":{"start":{"line":176,"column":8},"end":{"line":176,"column":62}},"28":{"start":{"line":177,"column":8},"end":{"line":177,"column":65}},"29":{"start":{"line":184,"column":8},"end":{"line":184,"column":102}},"30":{"start":{"line":185,"column":8},"end":{"line":185,"column":49}},"31":{"start":{"line":186,"column":8},"end":{"line":186,"column":7463}},"32":{"start":{"line":188,"column":12},"end":{"line":188,"column":7564}},"33":{"start":{"line":189,"column":16},"end":{"line":189,"column":71}},"34":{"start":{"line":192,"column":12},"end":{"line":192,"column":65}},"35":{"start":{"line":193,"column":12},"end":{"line":193,"column":88}},"36":{"start":{"line":196,"column":12},"end":{"line":196,"column":64}},"37":{"start":{"line":197,"column":12},"end":{"line":197,"column":70}},"38":{"start":{"line":205,"column":8},"end":{"line":205,"column":111}},"39":{"start":{"line":206,"column":8},"end":{"line":206,"column":8411}},"40":{"start":{"line":208,"column":12},"end":{"line":208,"column":57}},"41":{"start":{"line":210,"column":15},"end":{"line":210,"column":8646}},"42":{"start":{"line":212,"column":12},"end":{"line":212,"column":8791}},"43":{"start":{"line":213,"column":16},"end":{"line":213,"column":71}},"44":{"start":{"line":217,"column":8},"end":{"line":217,"column":39}},"45":{"start":{"line":218,"column":8},"end":{"line":218,"column":52}},"46":{"start":{"line":219,"column":8},"end":{"line":219,"column":56}},"47":{"start":{"line":226,"column":8},"end":{"line":226,"column":70}},"48":{"start":{"line":227,"column":8},"end":{"line":227,"column":85}},"49":{"start":{"line":228,"column":8},"end":{"line":228,"column":78}},"50":{"start":{"line":230,"column":8},"end":{"line":230,"column":46}},"51":{"start":{"line":231,"column":8},"end":{"line":231,"column":62}},"52":{"start":{"line":238,"column":8},"end":{"line":238,"column":79}},"53":{"start":{"line":239,"column":8},"end":{"line":239,"column":22}},"54":{"start":{"line":246,"column":8},"end":{"line":246,"column":79}},"55":{"start":{"line":247,"column":8},"end":{"line":247,"column":50}},"56":{"start":{"line":248,"column":8},"end":{"line":248,"column":69}},"57":{"start":{"line":255,"column":8},"end":{"line":255,"column":10502}},"58":{"start":{"line":256,"column":12},"end":{"line":256,"column":22}},"59":{"start":{"line":258,"column":8},"end":{"line":258,"column":19}},"60":{"start":{"line":259,"column":8},"end":{"line":259,"column":16}},"61":{"start":{"line":260,"column":8},"end":{"line":260,"column":10603}},"62":{"start":{"line":264,"column":8},"end":{"line":264,"column":42}},"63":{"start":{"line":265,"column":8},"end":{"line":265,"column":20}},"64":{"start":{"line":266,"column":8},"end":{"line":266,"column":10750}},"65":{"start":{"line":268,"column":12},"end":{"line":268,"column":44}},"66":{"start":{"line":272,"column":8},"end":{"line":272,"column":27}}},"branchMap":{"1":{"line":108,"type":"if","locations":[{"start":{"line":108,"column":8},"end":{"line":108,"column":8}},{"start":{"line":108,"column":8},"end":{"line":108,"column":8}}]},"2":{"line":109,"type":"if","locations":[{"start":{"line":109,"column":8},"end":{"line":109,"column":8}},{"start":{"line":109,"column":8},"end":{"line":109,"column":8}}]},"3":{"line":110,"type":"cond-expr","locations":[{"start":{"line":110,"column":12},"end":{"line":110,"column":56}},{"start":{"line":110,"column":61},"end":{"line":110,"column":103}}]},"4":{"line":113,"type":"if","locations":[{"start":{"line":113,"column":8},"end":{"line":113,"column":8}},{"start":{"line":113,"column":8},"end":{"line":113,"column":8}}]},"5":{"line":131,"type":"if","locations":[{"start":{"line":131,"column":8},"end":{"line":131,"column":8}},{"start":{"line":131,"column":8},"end":{"line":131,"column":8}}]},"6":{"line":132,"type":"if","locations":[{"start":{"line":132,"column":8},"end":{"line":132,"column":8}},{"start":{"line":132,"column":8},"end":{"line":132,"column":8}}]},"7":{"line":141,"type":"if","locations":[{"start":{"line":141,"column":60},"end":{"line":141,"column":60}},{"start":{"line":141,"column":60},"end":{"line":141,"column":60}}]},"8":{"line":142,"type":"if","locations":[{"start":{"line":142,"column":4},"end":{"line":142,"column":4}},{"start":{"line":142,"column":4},"end":{"line":142,"column":4}}]},"9":{"line":143,"type":"if","locations":[{"start":{"line":143,"column":4},"end":{"line":143,"column":4}},{"start":{"line":143,"column":4},"end":{"line":143,"column":4}}]},"10":{"line":146,"type":"if","locations":[{"start":{"line":146,"column":4},"end":{"line":146,"column":4}},{"start":{"line":146,"column":4},"end":{"line":146,"column":4}}]},"11":{"line":162,"type":"if","locations":[{"start":{"line":162,"column":8},"end":{"line":162,"column":8}},{"start":{"line":162,"column":8},"end":{"line":162,"column":8}}]},"12":{"line":172,"type":"if","locations":[{"start":{"line":172,"column":8},"end":{"line":172,"column":8}},{"start":{"line":172,"column":8},"end":{"line":172,"column":8}}]},"13":{"line":173,"type":"if","locations":[{"start":{"line":173,"column":8},"end":{"line":173,"column":8}},{"start":{"line":173,"column":8},"end":{"line":173,"column":8}}]},"14":{"line":183,"type":"if","locations":[{"start":{"line":183,"column":69},"end":{"line":183,"column":69}},{"start":{"line":183,"column":69},"end":{"line":183,"column":69}}]},"15":{"line":183,"type":"if","locations":[{"start":{"line":183,"column":82},"end":{"line":183,"column":82}},{"start":{"line":183,"column":82},"end":{"line":183,"column":82}}]},"16":{"line":184,"type":"if","locations":[{"start":{"line":184,"column":8},"end":{"line":184,"column":8}},{"start":{"line":184,"column":8},"end":{"line":184,"column":8}}]},"17":{"line":186,"type":"if","locations":[{"start":{"line":186,"column":8},"end":{"line":186,"column":8}},{"start":{"line":186,"column":8},"end":{"line":186,"column":8}}]},"18":{"line":188,"type":"if","locations":[{"start":{"line":188,"column":12},"end":{"line":188,"column":12}},{"start":{"line":188,"column":12},"end":{"line":188,"column":12}}]},"19":{"line":204,"type":"if","locations":[{"start":{"line":204,"column":64},"end":{"line":204,"column":64}},{"start":{"line":204,"column":64},"end":{"line":204,"column":64}}]},"20":{"line":204,"type":"if","locations":[{"start":{"line":204,"column":77},"end":{"line":204,"column":77}},{"start":{"line":204,"column":77},"end":{"line":204,"column":77}}]},"21":{"line":205,"type":"if","locations":[{"start":{"line":205,"column":8},"end":{"line":205,"column":8}},{"start":{"line":205,"column":8},"end":{"line":205,"column":8}}]},"22":{"line":206,"type":"if","locations":[{"start":{"line":206,"column":8},"end":{"line":206,"column":8}},{"start":{"line":206,"column":8},"end":{"line":206,"column":8}}]},"23":{"line":210,"type":"if","locations":[{"start":{"line":210,"column":15},"end":{"line":210,"column":15}},{"start":{"line":210,"column":15},"end":{"line":210,"column":15}}]},"24":{"line":212,"type":"if","locations":[{"start":{"line":212,"column":12},"end":{"line":212,"column":12}},{"start":{"line":212,"column":12},"end":{"line":212,"column":12}}]},"25":{"line":226,"type":"if","locations":[{"start":{"line":226,"column":8},"end":{"line":226,"column":8}},{"start":{"line":226,"column":8},"end":{"line":226,"column":8}}]},"26":{"line":227,"type":"if","locations":[{"start":{"line":227,"column":8},"end":{"line":227,"column":8}},{"start":{"line":227,"column":8},"end":{"line":227,"column":8}}]},"27":{"line":228,"type":"if","locations":[{"start":{"line":228,"column":8},"end":{"line":228,"column":8}},{"start":{"line":228,"column":8},"end":{"line":228,"column":8}}]},"28":{"line":246,"type":"if","locations":[{"start":{"line":246,"column":8},"end":{"line":246,"column":8}},{"start":{"line":246,"column":8},"end":{"line":246,"column":8}}]},"29":{"line":255,"type":"if","locations":[{"start":{"line":255,"column":8},"end":{"line":255,"column":8}},{"start":{"line":255,"column":8},"end":{"line":255,"column":8}}]}}},"contracts\\TestToken.sol":{"l":{},"path":"C:\\Users\\Amine\\Supplier-Selection\\backend\\contracts\\TestToken.sol","s":{},"b":{},"f":{"1":21},"fnMap":{"1":{"name":"constructor","line":7,"loc":{"start":{"line":7,"column":4},"end":{"line":7,"column":68}}}},"statementMap":{},"branchMap":{}}}