TN:
SF:C:\Users\Amine\Supplier-Selection\backend\contracts\Litige.sol
FN:32,constructor
FN:41,initiateDispute
FN:57,voteOnDispute
FN:74,finalizeDispute
FN:86,getDisputeOutcome
FNF:5
FNH:0
FNDA:0,constructor
FNDA:0,initiateDispute
FNDA:0,voteOnDispute
FNDA:0,finalizeDispute
FNDA:0,getDisputeOutcome
DA:33,0
DA:34,0
DA:42,0
DA:43,0
DA:44,0
DA:45,0
DA:46,0
DA:47,0
DA:48,0
DA:49,0
DA:58,0
DA:59,0
DA:60,0
DA:61,0
DA:62,0
DA:63,0
DA:65,0
DA:67,0
DA:75,0
DA:76,0
DA:77,0
DA:78,0
DA:79,0
DA:87,0
LF:24
LH:0
BRDA:57,1,0,0
BRDA:57,1,1,0
BRDA:59,2,0,0
BRDA:59,2,1,0
BRDA:60,3,0,0
BRDA:60,3,1,0
BRDA:62,4,0,0
BRDA:62,4,1,0
BRDA:64,5,0,0
BRDA:64,5,1,0
BRDA:74,6,0,0
BRDA:74,6,1,0
BRDA:76,7,0,0
BRDA:76,7,1,0
BRDA:77,8,0,0
BRDA:77,8,1,0
BRF:16
BRH:0
end_of_record
TN:
SF:C:\Users\Amine\Supplier-Selection\backend\contracts\OracleMock.sol
FN:17,setLatestAnswer
FN:30,latestRoundData
FNF:2
FNH:2
FNDA:1,setLatestAnswer
FNDA:1,latestRoundData
DA:18,1
DA:19,1
DA:37,1
LF:3
LH:3
BRF:0
BRH:0
end_of_record
TN:
SF:C:\Users\Amine\Supplier-Selection\backend\contracts\PaymentEscrow.sol
FN:25,constructor
FN:35,deposit
FN:46,releasePayment
FNF:3
FNH:0
FNDA:0,constructor
FNDA:0,deposit
FNDA:0,releasePayment
DA:26,0
DA:27,0
DA:36,0
DA:37,0
DA:47,0
DA:48,0
DA:49,0
LF:7
LH:0
BRDA:35,1,0,0
BRDA:35,1,1,0
BRDA:46,2,0,0
BRDA:46,2,1,0
BRDA:47,3,0,0
BRDA:47,3,1,0
BRF:6
BRH:0
end_of_record
TN:
SF:C:\Users\Amine\Supplier-Selection\backend\contracts\SupplierAgreement.sol
FN:95,constructor
FN:107,createAgreement
FN:130,acceptAgreement
FN:141,confirmPayment
FN:161,startAgreement
FN:171,dispatchOrder
FN:183,updateDeliveryStatus
FN:204,resolveDispute
FN:225,rateSupplier
FN:237,getOracleData
FN:245,submitZKProof
FN:254,uint2str
FNF:12
FNH:12
FNDA:21,constructor
FNDA:20,createAgreement
FNDA:16,acceptAgreement
FNDA:10,confirmPayment
FNDA:8,startAgreement
FNDA:6,dispatchOrder
FNDA:4,updateDeliveryStatus
FNDA:2,resolveDispute
FNDA:4,rateSupplier
FNDA:1,getOracleData
FNDA:2,submitZKProof
FNDA:8,uint2str
DA:96,21
DA:97,21
DA:98,21
DA:99,21
DA:100,21
DA:101,21
DA:108,20
DA:109,19
DA:113,19
DA:115,19
DA:122,19
DA:123,19
DA:124,19
DA:131,16
DA:132,16
DA:133,16
DA:134,16
DA:142,10
DA:143,10
DA:145,10
DA:146,10
DA:148,9
DA:149,7
DA:150,7
DA:152,7
DA:153,7
DA:154,7
DA:162,8
DA:163,7
DA:164,7
DA:165,7
DA:172,6
DA:173,5
DA:174,5
DA:175,5
DA:176,5
DA:177,5
DA:184,4
DA:185,4
DA:186,4
DA:187,1
DA:188,1
DA:189,1
DA:191,1
DA:192,1
DA:193,1
DA:195,3
DA:196,3
DA:197,3
DA:205,2
DA:206,2
DA:207,1
DA:208,1
DA:209,1
DA:211,1
DA:212,1
DA:213,1
DA:215,1
DA:217,2
DA:218,2
DA:219,2
DA:226,4
DA:227,3
DA:228,1
DA:229,1
DA:230,1
DA:231,1
DA:238,1
DA:239,1
DA:246,2
DA:247,1
DA:248,1
DA:255,8
DA:256,0
DA:258,8
DA:259,8
DA:260,8
DA:261,148
DA:262,148
DA:264,8
DA:265,8
DA:266,8
DA:267,148
DA:268,148
DA:269,148
DA:270,148
DA:272,8
LF:87
LH:86
BRDA:108,1,0,19
BRDA:108,1,1,1
BRDA:109,2,0,19
BRDA:109,2,1,0
BRDA:110,3,0,19
BRDA:110,3,1,0
BRDA:113,4,0,19
BRDA:113,4,1,0
BRDA:131,5,0,16
BRDA:131,5,1,0
BRDA:132,6,0,16
BRDA:132,6,1,0
BRDA:141,7,0,10
BRDA:141,7,1,0
BRDA:142,8,0,10
BRDA:142,8,1,0
BRDA:143,9,0,10
BRDA:143,9,1,0
BRDA:146,10,0,9
BRDA:146,10,1,1
BRDA:162,11,0,7
BRDA:162,11,1,1
BRDA:172,12,0,5
BRDA:172,12,1,1
BRDA:173,13,0,5
BRDA:173,13,1,0
BRDA:183,14,0,4
BRDA:183,14,1,0
BRDA:183,15,0,4
BRDA:183,15,1,0
BRDA:184,16,0,4
BRDA:184,16,1,0
BRDA:186,17,0,1
BRDA:186,17,1,3
BRDA:188,18,0,1
BRDA:188,18,1,0
BRDA:204,19,0,2
BRDA:204,19,1,0
BRDA:204,20,0,2
BRDA:204,20,1,0
BRDA:205,21,0,2
BRDA:205,21,1,0
BRDA:206,22,0,1
BRDA:206,22,1,1
BRDA:210,23,0,1
BRDA:210,23,1,0
BRDA:212,24,0,1
BRDA:212,24,1,0
BRDA:226,25,0,3
BRDA:226,25,1,1
BRDA:227,26,0,1
BRDA:227,26,1,2
BRDA:228,27,0,1
BRDA:228,27,1,0
BRDA:246,28,0,1
BRDA:246,28,1,1
BRDA:255,29,0,0
BRDA:255,29,1,8
BRF:58
BRH:38
end_of_record
TN:
SF:C:\Users\Amine\Supplier-Selection\backend\contracts\TestToken.sol
FN:7,constructor
FNF:1
FNH:1
FNDA:21,constructor
LF:0
LH:0
BRF:0
BRH:0
end_of_record
